<?xml version="1.0" encoding="UTF-8"?>
<!-- Generated by org.testng.reporters.JUnitReportReporter -->
<testsuite hostname="DilipK-X1" failures="0" tests="2" name="base.FacebookLogin" time="53.676" errors="0" timestamp="2023-04-15T11:57:39 IST" skipped="0">
  <testcase classname="base.FacebookLogin" name="loginTest" time="10.173"/>
  <system-out/>
  <testcase classname="base.FacebookLogin" name="loginTest" time="43.503"/>
  <system-out/>
</testsuite> <!-- base.FacebookLogin -->
