<?xml version="1.0" encoding="UTF-8"?>
<!-- Generated by org.testng.reporters.JUnitReportReporter -->
<testsuite hostname="DilipK-X1" failures="0" tests="3" name="testCases.Search_Google_Page" time="28.673" errors="0" timestamp="2023-04-11T21:45:41 IST" skipped="0">
  <testcase classname="testCases.Search_Google_Page" name="enterText" time="6.873"/>
  <system-out/>
  <testcase classname="testCases.Search_Google_Page" name="accessFacebook" time="6.225"/>
  <system-out/>
  <testcase classname="testCases.Search_Google_Page" name="loginfacebookPage" time="15.575"/>
  <system-out/>
</testsuite> <!-- testCases.Search_Google_Page -->
